0 info it worked if it ends with ok
1 verbose cli [ 'node', '/usr/local/bin/npm', 'install', 'JoB', '--save-dev' ]
2 info using npm@1.3.24
3 info using node@v0.10.25
4 verbose readDependencies using package.json deps
5 verbose cache add [ 'JoB', null ]
6 verbose cache add name=undefined spec="JoB" args=["JoB",null]
7 verbose parsed url { protocol: null,
7 verbose parsed url   slashes: null,
7 verbose parsed url   auth: null,
7 verbose parsed url   host: null,
7 verbose parsed url   port: null,
7 verbose parsed url   hostname: null,
7 verbose parsed url   hash: null,
7 verbose parsed url   search: null,
7 verbose parsed url   query: null,
7 verbose parsed url   pathname: 'JoB',
7 verbose parsed url   path: 'JoB',
7 verbose parsed url   href: 'JoB' }
8 silly lockFile b8bc7484-JoB JoB
9 verbose lock JoB /Users/fluxsaas/.npm/b8bc7484-JoB.lock
10 silly lockFile b8bc7484-JoB JoB
11 silly lockFile b8bc7484-JoB JoB
12 verbose addNamed [ 'JoB', '' ]
13 verbose addNamed [ null, '*' ]
14 silly lockFile 14bac1fc-JoB JoB@
15 verbose lock JoB@ /Users/fluxsaas/.npm/14bac1fc-JoB.lock
16 silly addNameRange { name: 'JoB', range: '*', hasData: false }
17 verbose url raw JoB
18 verbose url resolving [ 'https://registry.npmjs.org/', './JoB' ]
19 verbose url resolved https://registry.npmjs.org/JoB
20 info trying registry request attempt 1 at 20:36:38
21 http GET https://registry.npmjs.org/JoB
22 http 404 https://registry.npmjs.org/JoB
23 silly registry.get cb [ 404,
23 silly registry.get   { date: 'Fri, 21 Mar 2014 19:36:38 GMT',
23 silly registry.get     server: 'CouchDB/1.5.0 (Erlang OTP/R16B)',
23 silly registry.get     'content-type': 'application/json',
23 silly registry.get     via: '1.1 varnish',
23 silly registry.get     'cache-control': 'max-age=0',
23 silly registry.get     'content-length': '52',
23 silly registry.get     'accept-ranges': 'bytes',
23 silly registry.get     age: '0',
23 silly registry.get     'x-served-by': 'cache-v43-ASH, cache-lcy1127-LCY',
23 silly registry.get     'x-cache': 'MISS, MISS',
23 silly registry.get     'x-cache-hits': '0, 0',
23 silly registry.get     'x-timer': 'S1395430598.559560299,VS0,VS-21,VE69,VE172',
23 silly registry.get     'keep-alive': 'timeout=10, max=50',
23 silly registry.get     connection: 'Keep-Alive' } ]
24 silly lockFile 14bac1fc-JoB JoB@
25 silly lockFile 14bac1fc-JoB JoB@
26 error 404 'JoB' is not in the npm registry.
26 error 404 You should bug the author to publish it
26 error 404 It was specified as a dependency of 'SimpleFormJs'
26 error 404
26 error 404 Note that you can also install from a
26 error 404 tarball, folder, or http url, or git url.
27 error System Darwin 13.1.0
28 error command "node" "/usr/local/bin/npm" "install" "JoB" "--save-dev"
29 error cwd /Users/fluxsaas/Documents/rails_apps/simple_form_js
30 error node -v v0.10.25
31 error npm -v 1.3.24
32 error code E404
33 verbose exit [ 1, true ]
